Error: You don't have permission to access that port.
Error: You don't have permission to access that port.
[09/Sep/2017 02:41:56] "GET /meeting/ HTTP/1.1" 200 5171
[09/Sep/2017 02:41:56] "GET /static/rest_framework/css/bootstrap-tweaks.css HTTP/1.1" 304 0
[09/Sep/2017 02:41:56] "GET /static/rest_framework/css/bootstrap.min.css HTTP/1.1" 304 0
[09/Sep/2017 02:41:56] "GET /static/rest_framework/css/prettify.css HTTP/1.1" 304 0
[09/Sep/2017 02:41:56] "GET /static/rest_framework/js/ajax-form.js HTTP/1.1" 304 0
[09/Sep/2017 02:41:56] "GET /static/rest_framework/css/default.css HTTP/1.1" 304 0
[09/Sep/2017 02:41:56] "GET /static/rest_framework/js/jquery-1.12.4.min.js HTTP/1.1" 304 0
[09/Sep/2017 02:41:56] "GET /static/rest_framework/js/csrf.js HTTP/1.1" 304 0
[09/Sep/2017 02:41:56] "GET /static/rest_framework/js/bootstrap.min.js HTTP/1.1" 304 0
[09/Sep/2017 02:41:56] "GET /static/rest_framework/js/default.js HTTP/1.1" 304 0
[09/Sep/2017 02:41:56] "GET /static/rest_framework/js/prettify-min.js HTTP/1.1" 304 0
[09/Sep/2017 02:41:56] "GET /static/rest_framework/img/grid.png HTTP/1.1" 304 0
[09/Sep/2017 02:42:02] "GET /member/ HTTP/1.1" 200 5157
[09/Sep/2017 02:42:03] "GET /member/ HTTP/1.1" 200 5157
[09/Sep/2017 02:42:07] "OPTIONS /member/ HTTP/1.1" 200 5573
[09/Sep/2017 02:42:11] "GET /member/ HTTP/1.1" 200 5157
[09/Sep/2017 02:42:14] "OPTIONS /member/ HTTP/1.1" 200 5573
[09/Sep/2017 02:42:16] "GET /member/?format=json HTTP/1.1" 200 2
[09/Sep/2017 02:44:23] "GET /member/ HTTP/1.1" 200 5157
[09/Sep/2017 02:44:23] "GET /static/rest_framework/css/bootstrap.min.css HTTP/1.1" 304 0
[09/Sep/2017 02:44:23] "GET /static/rest_framework/css/bootstrap-tweaks.css HTTP/1.1" 304 0
[09/Sep/2017 02:44:23] "GET /static/rest_framework/css/prettify.css HTTP/1.1" 304 0
[09/Sep/2017 02:44:23] "GET /static/rest_framework/css/default.css HTTP/1.1" 304 0
[09/Sep/2017 02:44:23] "GET /static/rest_framework/js/jquery-1.12.4.min.js HTTP/1.1" 304 0
[09/Sep/2017 02:44:23] "GET /static/rest_framework/js/ajax-form.js HTTP/1.1" 304 0
[09/Sep/2017 02:44:23] "GET /static/rest_framework/js/bootstrap.min.js HTTP/1.1" 304 0
[09/Sep/2017 02:44:23] "GET /static/rest_framework/js/csrf.js HTTP/1.1" 304 0
[09/Sep/2017 02:44:23] "GET /static/rest_framework/js/default.js HTTP/1.1" 304 0
[09/Sep/2017 02:44:23] "GET /static/rest_framework/js/prettify-min.js HTTP/1.1" 304 0
[09/Sep/2017 02:44:23] "GET /static/rest_framework/img/grid.png HTTP/1.1" 304 0
[09/Sep/2017 02:44:28] "GET /member/?format=json HTTP/1.1" 200 2
[09/Sep/2017 02:44:29] "GET / HTTP/1.1" 200 9372
[09/Sep/2017 02:44:29] "GET / HTTP/1.1" 200 9372
[09/Sep/2017 02:44:31] "GET /contact HTTP/1.1" 200 10428
Not Found: /{% static 'js/js/jqBootstrapValidation.js'}
Not Found: /{% static 'js/js/jquery.js'}
[09/Sep/2017 02:44:31] "GET /%7B%%20static%20'js/js/jquery.js'%7D HTTP/1.1" 404 6037
[09/Sep/2017 02:44:31] "GET /%7B%%20static%20'js/js/jqBootstrapValidation.js'%7D HTTP/1.1" 404 6082
Not Found: /{% static 'js/js/bootstrap.min.js'}
Not Found: /{% static 'js/js/contact_me.js'}
[09/Sep/2017 02:44:31] "GET /%7B%%20static%20'js/js/bootstrap.min.js'%7D HTTP/1.1" 404 6058
[09/Sep/2017 02:44:31] "GET /%7B%%20static%20'js/js/contact_me.js'%7D HTTP/1.1" 404 6049
[09/Sep/2017 02:44:31] "GET /static/css/font-awesome/fonts/fontawesome-webfont.woff?v=4.2.0 HTTP/1.1" 200 65452
[09/Sep/2017 02:44:34] "GET /index HTTP/1.1" 200 9372
[09/Sep/2017 03:54:25] code 400, message Bad request syntax ('\x16\x03\x01\x00\xcf\x01\x00\x00\xcb\x03\x03Y\xb2\xf5n\x14\xb8E\x12\x17W\xc8\x93\xce\xc4M\xa9\x04\xcaG]\x90\xa4\xe6cjm4\xfcK\x14\xdf\xe0\x00\x00\x1c\x8a\x8a\xc0+\xc0/\xc0,\xc00\xcc\xa9\xcc\xa8\xc0\x13\xc0\x14\x00\x9c\x00\x9d\x00/\x005\x00')
[09/Sep/2017 03:54:25] You're accessing the development server over HTTPS, but it only supports HTTP.

[09/Sep/2017 07:31:34] code 400, message Bad HTTP/0.9 request type ('\x16\x03\x01\x00\x81\x01\x00\x00}\x03\x01\xa5\xbaX\xe5\x1bK=\xb1S\xdb\x05\xb1\xf8*\xc0\xfa\xe1\x8aOj\x9f?\xa5p\xc3\x84o\x03\xf7D\x08')
[09/Sep/2017 07:31:34] You're accessing the development server over HTTPS, but it only supports HTTP.

[09/Sep/2017 07:43:37] code 400, message Bad request syntax ("\x16\x03\x01\x00\xc1\x01\x00\x00\xbd\x03\x01D\xbe;\x88'}\xb2\xef\xd3\xde\\\x89\xe56\xfe\x17*\xe3\x8f\x1f\xd0\x9c\x88\x8f\x08\xa9")
[09/Sep/2017 07:43:37] You're accessing the development server over HTTPS, but it only supports HTTP.

[09/Sep/2017 12:06:25] code 400, message Bad request syntax ('\x16\x03\x01\x00\xcf\x01\x00\x00\xcb\x03\x03Y\xb3h\xbd\x14\xb8E\x12\x17W\xc8\x93\xce\xc4M\xa9\x04\xcaG]\x90\xa4\xe6cjm4\xfcK\x14\xdf\xe0\x00\x00\x1c\x8a\x8a\xc0+\xc0/\xc0,\xc00\xcc\xa9\xcc\xa8\xc0\x13\xc0\x14\x00\x9c\x00\x9d\x00/\x005\x00')
[09/Sep/2017 12:06:25] You're accessing the development server over HTTPS, but it only supports HTTP.

[09/Sep/2017 14:25:17] code 400, message Bad request syntax ('\x16\x03\x01\x00\x7f\x01\x00\x00{\x03\x03\xfa\xdd\xba2?\xe7\xc5\xb3Z\x9c\xfdw\x7f\xd9\x0b2\x9d@\xca#O\xb3y\xf7\xad\xdfM5\x05\x0f\xc8\t\x00\x00\x1c\xc0/\xc0+\xc00\xc0,\xc0\x13\xc0\t\xc0\x14\xc0')
[09/Sep/2017 14:25:17] You're accessing the development server over HTTPS, but it only supports HTTP.

[09/Sep/2017 16:12:21] code 400, message Bad request syntax ('\x16\x03\x01\x00\xcf\x01\x00\x00\xcb\x03\x03Y\xb3\xa2a\x14\xb8E\x12\x17W\xc8\x93\xce\xc4M\xa9\x04\xcaG]\x90\xa4\xe6cjm4\xfcK\x14\xdf\xe0\x00\x00\x1c\x8a\x8a\xc0+\xc0/\xc0,\xc00\xcc\xa9\xcc\xa8\xc0\x13\xc0\x14\x00\x9c\x00\x9d\x00/\x005\x00')
[09/Sep/2017 16:12:21] You're accessing the development server over HTTPS, but it only supports HTTP.

[09/Sep/2017 16:35:34] code 400, message Bad HTTP/0.9 request type ('\x16\x03\x01\x00\x9a\x01\x00\x00\x96\x03\x03\x9e\xaaV!\xb5\x98-Y\x06\x80>\x7f\x06\x1en\xcff%\xb3A\xde\xbfU?~\xbee\xa3)\xad\x02\xc6\x00\x00\x1a\xc0/\xc0+\xc0\x11\xc0\x07\xc0\x13\xc0')
[09/Sep/2017 16:35:34] You're accessing the development server over HTTPS, but it only supports HTTP.

[09/Sep/2017 19:31:25] "GET / HTTP/1.1" 200 9372
[09/Sep/2017 19:31:30] "GET /meeting/ HTTP/1.1" 200 5171
[09/Sep/2017 19:31:32] "GET /meeting/ HTTP/1.1" 200 5171
Performing system checks...

System check identified no issues (0 silenced).
September 09, 2017 - 02:41:49
Django version 1.11.2, using settings 'Meeting.settings'
Starting development server at http://0.0.0.0:443/
Quit the server with CONTROL-C.
Error: That port is already in use.
[09/Sep/2017 19:39:57] "GET /meeting/ HTTP/1.1" 200 5171
[09/Sep/2017 19:39:59] "GET /api-auth/logout/?next=/meeting/ HTTP/1.1" 302 0
[09/Sep/2017 19:39:59] "GET /meeting/ HTTP/1.1" 200 4936
[09/Sep/2017 20:18:20] code 400, message Bad request syntax ('\x16\x03\x01\x00\xcf\x01\x00\x00\xcb\x03\x03Y\xb3\xdc\x08\x14\xb8E\x12\x17W\xc8\x93\xce\xc4M\xa9\x04\xcaG]\x90\xa4\xe6cjm4\xfcK\x14\xdf\xe0\x00\x00\x1c\x8a\x8a\xc0+\xc0/\xc0,\xc00\xcc\xa9\xcc\xa8\xc0\x13\xc0\x14\x00\x9c\x00\x9d\x00/\x005\x00')
[09/Sep/2017 20:18:20] You're accessing the development server over HTTPS, but it only supports HTTP.

[09/Sep/2017 22:23:33] "GET / HTTP/1.1" 200 9372
[09/Sep/2017 22:23:36] "GET / HTTP/1.1" 200 9372
[09/Sep/2017 22:23:37] "GET /meeting/ HTTP/1.1" 200 4936
[09/Sep/2017 22:23:39] "GET /meeting/ HTTP/1.1" 200 4936
[09/Sep/2017 22:23:39] "GET /member/?format=json HTTP/1.1" 200 167
[09/Sep/2017 22:23:40] "GET /member/?format=json HTTP/1.1" 200 167
[09/Sep/2017 22:23:46] "GET /member/ HTTP/1.1" 200 5307
[09/Sep/2017 22:23:46] "GET /member/ HTTP/1.1" 200 5307
[09/Sep/2017 22:23:50] "OPTIONS /member/ HTTP/1.1" 200 5338
[09/Sep/2017 22:23:51] "OPTIONS /member/ HTTP/1.1" 200 5338
[09/Sep/2017 22:23:52] "GET /member/ HTTP/1.1" 200 5307
[09/Sep/2017 22:23:55] "GET /member/?format=json HTTP/1.1" 200 167
[09/Sep/2017 22:24:12] "GET /member/ HTTP/1.1" 200 5307
[09/Sep/2017 22:24:12] "GET /static/rest_framework/css/prettify.css HTTP/1.1" 304 0
[09/Sep/2017 22:24:12] "GET /static/rest_framework/css/bootstrap.min.css HTTP/1.1" 304 0
[09/Sep/2017 22:24:12] "GET /static/rest_framework/css/default.css HTTP/1.1" 304 0
[09/Sep/2017 22:24:12] "GET /static/rest_framework/css/bootstrap-tweaks.css HTTP/1.1" 304 0
[09/Sep/2017 22:24:12] "GET /static/rest_framework/js/csrf.js HTTP/1.1" 304 0
[09/Sep/2017 22:24:12] "GET /static/rest_framework/js/jquery-1.12.4.min.js HTTP/1.1" 304 0
[09/Sep/2017 22:24:12] "GET /static/rest_framework/js/bootstrap.min.js HTTP/1.1" 304 0
[09/Sep/2017 22:24:12] "GET /static/rest_framework/js/ajax-form.js HTTP/1.1" 304 0
[09/Sep/2017 22:24:12] "GET /static/rest_framework/js/prettify-min.js HTTP/1.1" 304 0
[09/Sep/2017 22:24:12] "GET /static/rest_framework/js/default.js HTTP/1.1" 304 0
[09/Sep/2017 22:24:12] "GET /static/rest_framework/img/grid.png HTTP/1.1" 304 0
[09/Sep/2017 22:25:55] "GET /member/ HTTP/1.1" 200 5307
[09/Sep/2017 22:25:55] "GET /static/rest_framework/css/bootstrap.min.css HTTP/1.1" 304 0
[09/Sep/2017 22:25:55] "GET /static/rest_framework/css/bootstrap-tweaks.css HTTP/1.1" 304 0
[09/Sep/2017 22:25:55] "GET /static/rest_framework/css/prettify.css HTTP/1.1" 304 0
[09/Sep/2017 22:25:55] "GET /static/rest_framework/js/jquery-1.12.4.min.js HTTP/1.1" 304 0
[09/Sep/2017 22:25:55] "GET /static/rest_framework/css/default.css HTTP/1.1" 304 0
[09/Sep/2017 22:25:55] "GET /static/rest_framework/js/ajax-form.js HTTP/1.1" 304 0
[09/Sep/2017 22:25:55] "GET /static/rest_framework/js/bootstrap.min.js HTTP/1.1" 304 0
[09/Sep/2017 22:25:55] "GET /static/rest_framework/js/csrf.js HTTP/1.1" 304 0
[09/Sep/2017 22:25:55] "GET /static/rest_framework/js/default.js HTTP/1.1" 304 0
[09/Sep/2017 22:25:55] "GET /static/rest_framework/js/prettify-min.js HTTP/1.1" 304 0
[09/Sep/2017 22:25:55] "GET /static/rest_framework/img/grid.png HTTP/1.1" 304 0
Performing system checks...

System check identified no issues (0 silenced).
September 09, 2017 - 19:39:04
Django version 1.11.2, using settings 'Meeting.settings'
Starting development server at http://0.0.0.0:443/
Quit the server with CONTROL-C.
